<?xml version="1.0" encoding="UTF-8"?>
<testsuite xmlns:xsi="http://www.w3.org/2001/XMLSchema-instance" xsi:noNamespaceSchemaLocation="https://maven.apache.org/surefire/maven-surefire-plugin/xsd/surefire-test-report.xsd" name="test.EmailsTest" time="4.57" tests="5" errors="0" skipped="0" failures="0">
  <properties>
[...]
</properties>
  <testcase name="test_1" classname="test.EmailsTest" time="0.373"/>
  <testcase name="test_2" classname="test.EmailsTest" time="0.366"/>
  <testcase name="test_3" classname="test.EmailsTest" time="0.381"/>
  <testcase name="test_4" classname="test.EmailsTest" time="0.375"/>
  <testcase name="test_5" classname="test.EmailsTest" time="0.369"/>
</testsuite>